<?xml version="1.0" encoding="UTF-8"?>
<!-- Generated by org.testng.reporters.JUnitXMLReporter -->
<testsuite hostname="priyas" name="order3" tests="1" failures="1" timestamp="10 Sep 2014 10:38:40 GMT" time="97.62" errors="0">
  <testcase name="testYahooTest" time="97.58" classname="prog.Facebook">
    <failure type="java.lang.AssertionError" message="Fail method">
      <![CDATA[java.lang.AssertionError: Fail method
	at org.junit.Assert.fail(Assert.java:88)
	at prog.Facebook.testYahooTest(Facebook.java:16)
... Removed 23 stack frames]]>
    </failure>
  </testcase> <!-- testYahooTest -->
</testsuite> <!-- order3 -->
